NOTE: PROCEDURE PRINTTO used (Total process time):
      real time           0.01 seconds
      cpu time            0.01 seconds
      

MPRINT(INITTESTCASE):   options linesize=max;
21                                                                                                                       The SAS System                                                                                             09:39 Friday, March 25, 2022

36         %boxplot(data=testdata.blood_pressure, x=visit, y=sbp, group=med, report=&g_work/report2.pdf)
MAUTOLOCDISPLAY(BOXPLOT):  This macro was compiled from the autocall file C:\Users\sas\work\sasunitdemo\example\saspgm\boxplot.sas
MPRINT(BOXPLOT):   proc sql noprint;
MPRINT(BOXPLOT):   select distinct visit into :xvalues separated by '" "' from testdata.blood_pressure;
MPRINT(BOXPLOT):   select distinct visit into :xvalues2 separated by ' ' from testdata.blood_pressure;
MPRINT(BOXPLOT):   quit;
NOTE: PROCEDURE SQL used (Total process time):
      real time           0.00 seconds
      cpu time            0.00 seconds
      

MPRINT(BOXPLOT):   proc sql noprint;
MPRINT(BOXPLOT):   select count(distinct med) into :count from testdata.blood_pressure;
MPRINT(BOXPLOT):   select min(med) into :lower from testdata.blood_pressure;
MPRINT(BOXPLOT):   quit;
NOTE: PROCEDURE SQL used (Total process time):
      real time           0.00 seconds
      cpu time            0.00 seconds
      

MPRINT(BOXPLOT):   DATA;
MPRINT(BOXPLOT):   RUN;

NOTE: The data set WORK.DATA4 has 1 observations and 0 variables.
NOTE: DATA statement used (Total process time):
      real time           0.00 seconds
      cpu time            0.00 seconds
      

MPRINT(BOXPLOT):   proc sql noprint;
MPRINT(BOXPLOT):   create table WORK.DATA4 as select distinct visit from testdata.blood_pressure;
NOTE: Table WORK.DATA4 created, with 6 rows and 1 columns.

MPRINT(BOXPLOT):   quit;
NOTE: PROCEDURE SQL used (Total process time):
      real time           0.00 seconds
      cpu time            0.00 seconds
      

MPRINT(BOXPLOT):   data WORK.DATA4;
MPRINT(BOXPLOT):   set WORK.DATA4;
MPRINT(BOXPLOT):   visit = visit - lag(visit);
MPRINT(BOXPLOT):   if _n_>1 then output;
MPRINT(BOXPLOT):   run;

NOTE: Missing values were generated as a result of performing an operation on missing values.
      Each place is given by: (Number of times) at (Line):(Column).
      1 at 36:125   
NOTE: There were 6 observations read from the data set WORK.DATA4.
NOTE: The data set WORK.DATA4 has 5 observations and 1 variables.
NOTE: DATA statement used (Total process time):
      real time           0.00 seconds
      cpu time            0.00 seconds
      
22                                                                                                                       The SAS System                                                                                             09:39 Friday, March 25, 2022


MPRINT(BOXPLOT):   proc sql noprint;
MPRINT(BOXPLOT):   select mean(visit), min(visit) into :xdiff1, :xdiff2 from WORK.DATA4;
MPRINT(BOXPLOT):   select min(visit), max(visit) into :xmin, :xmax from testdata.blood_pressure;
MPRINT(BOXPLOT):   select count(*) into :misscount from testdata.blood_pressure where visit is missing;
MPRINT(BOXPLOT):   quit;
NOTE: PROCEDURE SQL used (Total process time):
      real time           0.00 seconds
      cpu time            0.00 seconds
      

MPRINT(BOXPLOT):   run;
MPRINT(BOXPLOT):   data;
MPRINT(BOXPLOT):   SET testdata.blood_pressure (KEEP=visit sbp med);
MPRINT(BOXPLOT):   IF med = 0 THEN DO;
MPRINT(BOXPLOT):   visit = visit - 0.11* 1;
MPRINT(BOXPLOT):   END;
MPRINT(BOXPLOT):   ELSE DO;
MPRINT(BOXPLOT):   visit = visit + 0.11* 1;
MPRINT(BOXPLOT):   END;
MPRINT(BOXPLOT):   RUN;

NOTE: There were 240 observations read from the data set TESTDATA.BLOOD_PRESSURE.
NOTE: The data set WORK.DATA5 has 240 observations and 3 variables.
NOTE: DATA statement used (Total process time):
      real time           0.00 seconds
      cpu time            0.01 seconds
      

MPRINT(BOXPLOT):   GOPTIONS FTEXT="Helvetica" HTEXT=12pt hsize=16cm vsize=16cm;
MPRINT(BOXPLOT):   SYMBOL1 WIDTH = 3 BWIDTH = 3 COLOR = gray LINE = 2 VALUE = none INTERPOL = BOXJT00 MODE = include;
MPRINT(BOXPLOT):   SYMBOL2 WIDTH = 3 BWIDTH = 3 COLOR = black LINE = 1 VALUE = none INTERPOL = BOXJT00 MODE = include;
MPRINT(BOXPLOT):   AXIS1 LABEL=(ANGLE=90) MINOR=none;
MPRINT(BOXPLOT):   AXIS2 ORDER=(-1 0 1 2 3 4 5 6) VALUE=(" " "0" "1" "2" "3" "4" "5" " ") MINOR=none;
MPRINT(BOXPLOT):   LEGEND1 FRAME;
MPRINT(BOXPLOT):   ODS PDF FILE="D:\opt\sasinside\SASWORK\_TD5912_SAS-AAP_/report2.pdf";
NOTE: Writing ODS PDF output to DISK destination "D:\opt\sasinside\SASWORK\_TD5912_SAS-AAP_\report2.pdf", printer "PDF".
MPRINT(BOXPLOT):   ODS LISTING CLOSE;
MPRINT(BOXPLOT):   PROC GPLOT DATA=WORK.DATA5;
MPRINT(BOXPLOT):   PLOT sbp * visit = med / VAXIS=Axis1 HAXIS=Axis2 LEGEND=Legend1 NOFRAME;
MPRINT(BOXPLOT):   RUN;

MPRINT(BOXPLOT):   QUIT;

NOTE: There were 240 observations read from the data set WORK.DATA5.
NOTE: PROCEDURE GPLOT used (Total process time):
      real time           0.04 seconds
      cpu time            0.03 seconds
      

MPRINT(BOXPLOT):   ODS PDF CLOSE;
NOTE: ODS PDF printed 1 page to D:\opt\sasinside\SASWORK\_TD5912_SAS-AAP_\report2.pdf.
MPRINT(BOXPLOT):   ODS LISTING;
MPRINT(BOXPLOT):   proc sql noprint;
23                                                                                                                       The SAS System                                                                                             09:39 Friday, March 25, 2022

MPRINT(BOXPLOT):   drop table WORK.DATA5;
NOTE: Table WORK.DATA5 has been dropped.
MPRINT(BOXPLOT):   drop table WORK.DATA4;
NOTE: Table WORK.DATA4 has been dropped.
MPRINT(BOXPLOT):   quit;
NOTE: PROCEDURE SQL used (Total process time):
      real time           0.00 seconds
      cpu time            0.00 seconds
      

MAUTOLOCDISPLAY(ASSERTREPORT):  This macro was compiled from the autocall file C:\Users\sas\work\sasunitdemo\saspgm\sasunit\assertreport.sas
37         %assertReport(i_actual=&g_work/report2.pdf, i_expected=&g_refdata\boxplot1.pdf,
MAUTOLOCDISPLAY(ENDTESTCALL):  This macro was compiled from the autocall file C:\Users\sas\work\sasunitdemo\saspgm\sasunit\endtestcall.sas
38                       i_desc=please compare the two charts)
MPRINT(ASSERTREPORT.ENDTESTCALL):   PROC PRINTTO LOG=LOG PRINT=PRINT ;
MPRINT(ASSERTREPORT.ENDTESTCALL):   RUN;

