NOTE: PROCEDURE PRINTTO used (Total process time):
      real time           0.01 seconds
      cpu time            0.01 seconds
      

MPRINT(INITTESTCASE):   options linesize=max;
174        %boxplot(data=testdata.blood_pressure, x=visit, y=, group=med, report=&g_work/report16.pdf)
MAUTOLOCDISPLAY(BOXPLOT):  This macro was compiled from the autocall file C:\Users\sas\work\sasunitdemo\example\saspgm\boxplot.sas
MPRINT(BOXPLOT):   proc sql noprint;
MPRINT(BOXPLOT):   select distinct visit into :xvalues separated by '" "' from testdata.blood_pressure;
113                                                                                                                      The SAS System                                                                                             10:42 Monday, March 28, 2022

MPRINT(BOXPLOT):   select distinct visit into :xvalues2 separated by ' ' from testdata.blood_pressure;
MPRINT(BOXPLOT):   quit;
NOTE: PROCEDURE SQL used (Total process time):
      real time           0.00 seconds
      cpu time            0.00 seconds
      

ERROR: boxplot: Y variable not specified
MAUTOLOCDISPLAY(ASSERTLOGMSG):  This macro was compiled from the autocall file C:\Users\sas\work\sasunitdemo\saspgm\sasunit\assertlogmsg.sas
MAUTOLOCDISPLAY(ENDTESTCALL):  This macro was compiled from the autocall file C:\Users\sas\work\sasunitdemo\saspgm\sasunit\endtestcall.sas
175        %assertLogMsg(i_logMsg=ERROR: boxplot: Y variable not specified)
MPRINT(ASSERTLOGMSG.ENDTESTCALL):   PROC PRINTTO LOG=LOG PRINT=PRINT ;
MPRINT(ASSERTLOGMSG.ENDTESTCALL):   RUN;

