NOTE: PROCEDURE PRINTTO used (Total process time):
      real time           0.01 seconds
      cpu time            0.01 seconds
      

MPRINT(INITTESTCASE):   options linesize=max;
78         data work.blood_pressure;
79            set testdata.blood_pressure;
80            where visit in (3);
81         run;

NOTE: There were 40 observations read from the data set TESTDATA.BLOOD_PRESSURE.
      WHERE visit=3;
NOTE: The data set WORK.BLOOD_PRESSURE has 40 observations and 5 variables.
NOTE: DATA statement used (Total process time):
      real time           0.00 seconds
      cpu time            0.00 seconds
      

MAUTOLOCDISPLAY(BOXPLOT):  This macro was compiled from the autocall file C:\Users\sas\work\sasunitdemo\example\saspgm\boxplot.sas
82         %boxplot(data=blood_pressure, x=visit, y=sbp, group=med, report=&g_work/report6.pdf)
MPRINT(BOXPLOT):   proc sql noprint;
MPRINT(BOXPLOT):   select distinct visit into :xvalues separated by '" "' from blood_pressure;
MPRINT(BOXPLOT):   select distinct visit into :xvalues2 separated by ' ' from blood_pressure;
MPRINT(BOXPLOT):   quit;
NOTE: PROCEDURE SQL used (Total process time):
      real time           0.00 seconds
      cpu time            0.00 seconds
      

MPRINT(BOXPLOT):   proc sql noprint;
MPRINT(BOXPLOT):   select count(distinct med) into :count from blood_pressure;
MPRINT(BOXPLOT):   select min(med) into :lower from blood_pressure;
MPRINT(BOXPLOT):   quit;
NOTE: PROCEDURE SQL used (Total process time):
      real time           0.00 seconds
      cpu time            0.00 seconds
      

MPRINT(BOXPLOT):   DATA;
MPRINT(BOXPLOT):   RUN;

NOTE: The data set WORK.DATA16 has 1 observations and 0 variables.
NOTE: DATA statement used (Total process time):
      real time           0.00 seconds
      cpu time            0.00 seconds
      

MPRINT(BOXPLOT):   proc sql noprint;
MPRINT(BOXPLOT):   create table WORK.DATA16 as select distinct visit from blood_pressure;
NOTE: Table WORK.DATA16 created, with 1 rows and 1 columns.

MPRINT(BOXPLOT):   quit;
66                                                                                                                       The SAS System                                                                                             10:42 Monday, March 28, 2022

NOTE: PROCEDURE SQL used (Total process time):
      real time           0.00 seconds
      cpu time            0.00 seconds
      

MPRINT(BOXPLOT):   data WORK.DATA16;
MPRINT(BOXPLOT):   set WORK.DATA16;
MPRINT(BOXPLOT):   visit = visit - lag(visit);
MPRINT(BOXPLOT):   if _n_>1 then output;
MPRINT(BOXPLOT):   run;

NOTE: Missing values were generated as a result of performing an operation on missing values.
      Each place is given by: (Number of times) at (Line):(Column).
      1 at 82:125   
NOTE: There were 1 observations read from the data set WORK.DATA16.
NOTE: The data set WORK.DATA16 has 0 observations and 1 variables.
NOTE: DATA statement used (Total process time):
      real time           0.00 seconds
      cpu time            0.00 seconds
      

MPRINT(BOXPLOT):   proc sql noprint;
MPRINT(BOXPLOT):   select mean(visit), min(visit) into :xdiff1, :xdiff2 from WORK.DATA16;
MPRINT(BOXPLOT):   select min(visit), max(visit) into :xmin, :xmax from blood_pressure;
MPRINT(BOXPLOT):   select count(*) into :misscount from blood_pressure where visit is missing;
MPRINT(BOXPLOT):   quit;
NOTE: PROCEDURE SQL used (Total process time):
      real time           0.00 seconds
      cpu time            0.00 seconds
      

ERROR: boxplot: x variable must have at least two values
MPRINT(BOXPLOT):   proc sql noprint;
MPRINT(BOXPLOT):   drop table WORK.DATA16;
NOTE: Table WORK.DATA16 has been dropped.
MPRINT(BOXPLOT):   quit;
NOTE: PROCEDURE SQL used (Total process time):
      real time           0.00 seconds
      cpu time            0.00 seconds
      

MAUTOLOCDISPLAY(ASSERTLOGMSG):  This macro was compiled from the autocall file C:\Users\sas\work\sasunitdemo\saspgm\sasunit\assertlogmsg.sas
MAUTOLOCDISPLAY(ENDTESTCALL):  This macro was compiled from the autocall file C:\Users\sas\work\sasunitdemo\saspgm\sasunit\endtestcall.sas
83         %assertLogMsg(i_logMsg=ERROR: boxplot: x variable must have at least two values)
MPRINT(ASSERTLOGMSG.ENDTESTCALL):   PROC PRINTTO LOG=LOG PRINT=PRINT ;
MPRINT(ASSERTLOGMSG.ENDTESTCALL):   RUN;

