NOTE: PROCEDURE PRINTTO used (Total process time):
      real time           0.01 seconds
      cpu time            0.01 seconds
      

MPRINT(INITTESTCASE):   options linesize=max;
143        data work.blood_pressure;
144           set testdata.blood_pressure;
145           if visit=5 then visit=6;
146        run;
99                                                                                                                       The SAS System                                                                                             09:39 Friday, March 25, 2022


NOTE: There were 240 observations read from the data set TESTDATA.BLOOD_PRESSURE.
NOTE: The data set WORK.BLOOD_PRESSURE has 240 observations and 5 variables.
NOTE: DATA statement used (Total process time):
      real time           0.00 seconds
      cpu time            0.00 seconds
      

MAUTOLOCDISPLAY(BOXPLOT):  This macro was compiled from the autocall file C:\Users\sas\work\sasunitdemo\example\saspgm\boxplot.sas
147        %boxplot(data=blood_pressure, x=visit, y=sbp, group=med, report=&g_work/report13.pdf)
MPRINT(BOXPLOT):   proc sql noprint;
MPRINT(BOXPLOT):   select distinct visit into :xvalues separated by '" "' from blood_pressure;
MPRINT(BOXPLOT):   select distinct visit into :xvalues2 separated by ' ' from blood_pressure;
MPRINT(BOXPLOT):   quit;
NOTE: PROCEDURE SQL used (Total process time):
      real time           0.00 seconds
      cpu time            0.00 seconds
      

MPRINT(BOXPLOT):   proc sql noprint;
MPRINT(BOXPLOT):   select count(distinct med) into :count from blood_pressure;
MPRINT(BOXPLOT):   select min(med) into :lower from blood_pressure;
MPRINT(BOXPLOT):   quit;
NOTE: PROCEDURE SQL used (Total process time):
      real time           0.00 seconds
      cpu time            0.01 seconds
      

MPRINT(BOXPLOT):   DATA;
MPRINT(BOXPLOT):   RUN;

NOTE: The data set WORK.DATA20 has 1 observations and 0 variables.
NOTE: DATA statement used (Total process time):
      real time           0.00 seconds
      cpu time            0.00 seconds
      

MPRINT(BOXPLOT):   proc sql noprint;
MPRINT(BOXPLOT):   create table WORK.DATA20 as select distinct visit from blood_pressure;
NOTE: Table WORK.DATA20 created, with 6 rows and 1 columns.

MPRINT(BOXPLOT):   quit;
NOTE: PROCEDURE SQL used (Total process time):
      real time           0.01 seconds
      cpu time            0.00 seconds
      

MPRINT(BOXPLOT):   data WORK.DATA20;
MPRINT(BOXPLOT):   set WORK.DATA20;
MPRINT(BOXPLOT):   visit = visit - lag(visit);
MPRINT(BOXPLOT):   if _n_>1 then output;
MPRINT(BOXPLOT):   run;

NOTE: Missing values were generated as a result of performing an operation on missing values.
100                                                                                                                      The SAS System                                                                                             09:39 Friday, March 25, 2022

      Each place is given by: (Number of times) at (Line):(Column).
      1 at 147:125   
NOTE: There were 6 observations read from the data set WORK.DATA20.
NOTE: The data set WORK.DATA20 has 5 observations and 1 variables.
NOTE: DATA statement used (Total process time):
      real time           0.00 seconds
      cpu time            0.01 seconds
      

MPRINT(BOXPLOT):   proc sql noprint;
MPRINT(BOXPLOT):   select mean(visit), min(visit) into :xdiff1, :xdiff2 from WORK.DATA20;
MPRINT(BOXPLOT):   select min(visit), max(visit) into :xmin, :xmax from blood_pressure;
MPRINT(BOXPLOT):   select count(*) into :misscount from blood_pressure where visit is missing;
MPRINT(BOXPLOT):   quit;
NOTE: PROCEDURE SQL used (Total process time):
      real time           0.01 seconds
      cpu time            0.00 seconds
      

MPRINT(BOXPLOT):   run;
ERROR: boxplot: Values of x variable are not equidistant
MPRINT(BOXPLOT):   proc sql noprint;
MPRINT(BOXPLOT):   drop table WORK.DATA20;
NOTE: Table WORK.DATA20 has been dropped.
MPRINT(BOXPLOT):   quit;
NOTE: PROCEDURE SQL used (Total process time):
      real time           0.00 seconds
      cpu time            0.00 seconds
      

MAUTOLOCDISPLAY(ASSERTLOGMSG):  This macro was compiled from the autocall file C:\Users\sas\work\sasunitdemo\saspgm\sasunit\assertlogmsg.sas
MAUTOLOCDISPLAY(ENDTESTCALL):  This macro was compiled from the autocall file C:\Users\sas\work\sasunitdemo\saspgm\sasunit\endtestcall.sas
148        %assertLogMsg(i_logMsg=ERROR: boxplot: Values of x variable are not equidistant)
MPRINT(ASSERTLOGMSG.ENDTESTCALL):   PROC PRINTTO LOG=LOG PRINT=PRINT ;
MPRINT(ASSERTLOGMSG.ENDTESTCALL):   RUN;

