NOTE: PROCEDURE PRINTTO used (Total process time):
44                                                                                                                       The SAS System                                                                                             10:42 Monday, March 28, 2022

      real time           0.01 seconds
      cpu time            0.01 seconds
      

MPRINT(INITTESTCASE):   options linesize=max;
57         data work.blood_pressure;
58            set testdata.blood_pressure;
59            visit=visit*100;
60            sbp=sbp*100;
61         run;

NOTE: There were 240 observations read from the data set TESTDATA.BLOOD_PRESSURE.
NOTE: The data set WORK.BLOOD_PRESSURE has 240 observations and 5 variables.
NOTE: DATA statement used (Total process time):
      real time           0.00 seconds
      cpu time            0.00 seconds
      

MAUTOLOCDISPLAY(BOXPLOT):  This macro was compiled from the autocall file C:\Users\sas\work\sasunitdemo\example\saspgm\boxplot.sas
62         %boxplot(data=blood_pressure, x=visit, y=sbp, group=med, report=&g_work/report4.pdf)
MPRINT(BOXPLOT):   proc sql noprint;
MPRINT(BOXPLOT):   select distinct visit into :xvalues separated by '" "' from blood_pressure;
MPRINT(BOXPLOT):   select distinct visit into :xvalues2 separated by ' ' from blood_pressure;
MPRINT(BOXPLOT):   quit;
NOTE: PROCEDURE SQL used (Total process time):
      real time           0.00 seconds
      cpu time            0.00 seconds
      

MPRINT(BOXPLOT):   proc sql noprint;
MPRINT(BOXPLOT):   select count(distinct med) into :count from blood_pressure;
MPRINT(BOXPLOT):   select min(med) into :lower from blood_pressure;
MPRINT(BOXPLOT):   quit;
NOTE: PROCEDURE SQL used (Total process time):
      real time           0.00 seconds
      cpu time            0.00 seconds
      

MPRINT(BOXPLOT):   DATA;
MPRINT(BOXPLOT):   RUN;

NOTE: The data set WORK.DATA10 has 1 observations and 0 variables.
NOTE: DATA statement used (Total process time):
      real time           0.00 seconds
      cpu time            0.00 seconds
      

MPRINT(BOXPLOT):   proc sql noprint;
MPRINT(BOXPLOT):   create table WORK.DATA10 as select distinct visit from blood_pressure;
NOTE: Table WORK.DATA10 created, with 6 rows and 1 columns.

MPRINT(BOXPLOT):   quit;
NOTE: PROCEDURE SQL used (Total process time):
      real time           0.00 seconds
45                                                                                                                       The SAS System                                                                                             10:42 Monday, March 28, 2022

      cpu time            0.00 seconds
      

MPRINT(BOXPLOT):   data WORK.DATA10;
MPRINT(BOXPLOT):   set WORK.DATA10;
MPRINT(BOXPLOT):   visit = visit - lag(visit);
MPRINT(BOXPLOT):   if _n_>1 then output;
MPRINT(BOXPLOT):   run;

NOTE: Missing values were generated as a result of performing an operation on missing values.
      Each place is given by: (Number of times) at (Line):(Column).
      1 at 62:125   
NOTE: There were 6 observations read from the data set WORK.DATA10.
NOTE: The data set WORK.DATA10 has 5 observations and 1 variables.
NOTE: DATA statement used (Total process time):
      real time           0.00 seconds
      cpu time            0.00 seconds
      

MPRINT(BOXPLOT):   proc sql noprint;
MPRINT(BOXPLOT):   select mean(visit), min(visit) into :xdiff1, :xdiff2 from WORK.DATA10;
MPRINT(BOXPLOT):   select min(visit), max(visit) into :xmin, :xmax from blood_pressure;
MPRINT(BOXPLOT):   select count(*) into :misscount from blood_pressure where visit is missing;
MPRINT(BOXPLOT):   quit;
NOTE: PROCEDURE SQL used (Total process time):
      real time           0.00 seconds
      cpu time            0.00 seconds
      

MPRINT(BOXPLOT):   run;
MPRINT(BOXPLOT):   data;
MPRINT(BOXPLOT):   SET blood_pressure (KEEP=visit sbp med);
MPRINT(BOXPLOT):   IF med = 0 THEN DO;
MPRINT(BOXPLOT):   visit = visit - 0.11* 100;
MPRINT(BOXPLOT):   END;
MPRINT(BOXPLOT):   ELSE DO;
MPRINT(BOXPLOT):   visit = visit + 0.11* 100;
MPRINT(BOXPLOT):   END;
MPRINT(BOXPLOT):   RUN;

NOTE: There were 240 observations read from the data set WORK.BLOOD_PRESSURE.
NOTE: The data set WORK.DATA11 has 240 observations and 3 variables.
NOTE: DATA statement used (Total process time):
      real time           0.00 seconds
      cpu time            0.00 seconds
      

MPRINT(BOXPLOT):   GOPTIONS FTEXT="Helvetica" HTEXT=12pt hsize=16cm vsize=16cm;
MPRINT(BOXPLOT):   SYMBOL1 WIDTH = 3 BWIDTH = 3 COLOR = gray LINE = 2 VALUE = none INTERPOL = BOXJT00 MODE = include;
MPRINT(BOXPLOT):   SYMBOL2 WIDTH = 3 BWIDTH = 3 COLOR = black LINE = 1 VALUE = none INTERPOL = BOXJT00 MODE = include;
MPRINT(BOXPLOT):   AXIS1 LABEL=(ANGLE=90) MINOR=none;
MPRINT(BOXPLOT):   AXIS2 ORDER=(-100 0 100 200 300 400 500 600) VALUE=(" " "0" "100" "200" "300" "400" "500" " ") MINOR=none;
MPRINT(BOXPLOT):   LEGEND1 FRAME;
MPRINT(BOXPLOT):   ODS PDF FILE="D:\opt\sasinside\SASWORK\_TD29304_SAS-AAP_/report4.pdf";
46                                                                                                                       The SAS System                                                                                             10:42 Monday, March 28, 2022

NOTE: Writing ODS PDF output to DISK destination "D:\opt\sasinside\SASWORK\_TD29304_SAS-AAP_\report4.pdf", printer "PDF".
MPRINT(BOXPLOT):   ODS LISTING CLOSE;
MPRINT(BOXPLOT):   PROC GPLOT DATA=WORK.DATA11;
MPRINT(BOXPLOT):   PLOT sbp * visit = med / VAXIS=Axis1 HAXIS=Axis2 LEGEND=Legend1 NOFRAME;
MPRINT(BOXPLOT):   RUN;

MPRINT(BOXPLOT):   QUIT;

NOTE: There were 240 observations read from the data set WORK.DATA11.
NOTE: PROCEDURE GPLOT used (Total process time):
      real time           0.03 seconds
      cpu time            0.03 seconds
      

MPRINT(BOXPLOT):   ODS PDF CLOSE;
NOTE: ODS PDF printed 1 page to D:\opt\sasinside\SASWORK\_TD29304_SAS-AAP_\report4.pdf.
MPRINT(BOXPLOT):   ODS LISTING;
MPRINT(BOXPLOT):   proc sql noprint;
MPRINT(BOXPLOT):   drop table WORK.DATA11;
NOTE: Table WORK.DATA11 has been dropped.
MPRINT(BOXPLOT):   drop table WORK.DATA10;
NOTE: Table WORK.DATA10 has been dropped.
MPRINT(BOXPLOT):   quit;
NOTE: PROCEDURE SQL used (Total process time):
      real time           0.00 seconds
      cpu time            0.00 seconds
      

MAUTOLOCDISPLAY(ASSERTREPORT):  This macro was compiled from the autocall file C:\Users\sas\work\sasunitdemo\saspgm\sasunit\assertreport.sas
MAUTOLOCDISPLAY(ENDTESTCALL):  This macro was compiled from the autocall file C:\Users\sas\work\sasunitdemo\saspgm\sasunit\endtestcall.sas
63         %assertReport(i_actual=&g_work/report4.pdf, i_expected=,
64                       i_desc=please compare chart with specification in source code)
MPRINT(ASSERTREPORT.ENDTESTCALL):   PROC PRINTTO LOG=LOG PRINT=PRINT ;
MPRINT(ASSERTREPORT.ENDTESTCALL):   RUN;

