NOTE: PROCEDURE PRINTTO used (Total process time):
10                                                                                                                       The SAS System                                                                                             09:39 Friday, March 25, 2022

      real time           0.00 seconds
      cpu time            0.00 seconds
      

MPRINT(INITTESTCASE):   options linesize=max;
32         
33         /* assign two temporary librefs */
34         %_mkdir(&g_work/test1)
NOTE: The macro _MKDIR completed compilation without errors.
      60 instructions 1648 bytes.
MAUTOLOCDISPLAY(_MKDIR):  This macro was compiled from the autocall file C:\Users\sas\work\sasunitdemo\saspgm\sasunit\windows\_mkdir.sas
MPRINT(_MKDIR):   options noxwait xsync xmin;
MPRINT(_MKDIR):   options XWAIT XSYNC NOXMIN;
35         libname test1 "&g_work/test1";
NOTE: Libref TEST1 was successfully assigned as follows: 
      Engine:        V9 
      Physical Name: D:\opt\sasinside\SASWORK\_TD13528_SAS-AAP_\test1
36         %_mkdir(&g_work/test2)
MAUTOLOCDISPLAY(_MKDIR):  This macro was compiled from the autocall file C:\Users\sas\work\sasunitdemo\saspgm\sasunit\windows\_mkdir.sas
MPRINT(_MKDIR):   options noxwait xsync xmin;
MPRINT(_MKDIR):   options XWAIT XSYNC NOXMIN;
37         libname test2 "&g_work/test2";
NOTE: Libref TEST2 was successfully assigned as follows: 
      Engine:        V9 
      Physical Name: D:\opt\sasinside\SASWORK\_TD13528_SAS-AAP_\test2
38         
39         proc sort data=sashelp.class out=test2.class1 (label="Dataset for sex=F (9 observations)");
40            by sex;
41            where sex='F';
42         run;

NOTE: There were 9 observations read from the data set SASHELP.CLASS.
      WHERE sex='F';
NOTE: The data set TEST2.CLASS1 has 9 observations and 5 variables.
NOTE: PROCEDURE SORT used (Total process time):
      real time           0.00 seconds
      cpu time            0.00 seconds
      

43         proc sort data=sashelp.class out=test2.class2 (label="Dataset for sex=M (10 observations)");
44            by sex;
45            where sex='M';
46         run;

NOTE: There were 10 observations read from the data set SASHELP.CLASS.
      WHERE sex='M';
NOTE: The data set TEST2.CLASS2 has 10 observations and 5 variables.
NOTE: PROCEDURE SORT used (Total process time):
      real time           0.00 seconds
      cpu time            0.01 seconds
      

47         
48         %generate(data=sashelp.class, by=sex, out=test1.class)
11                                                                                                                       The SAS System                                                                                             09:39 Friday, March 25, 2022

NOTE: The macro GENERATE completed compilation without errors.
      98 instructions 2812 bytes.
MAUTOLOCDISPLAY(GENERATE):  This macro was compiled from the autocall file C:\Users\sas\work\sasunitdemo\example\saspgm\generate.sas
MPRINT(GENERATE):   data;
MPRINT(GENERATE):   run;

NOTE: The data set WORK.DATA1 has 1 observations and 0 variables.
NOTE: DATA statement used (Total process time):
      real time           0.00 seconds
      cpu time            0.00 seconds
      

MPRINT(GENERATE):   data;
MPRINT(GENERATE):   run;

NOTE: The data set WORK.DATA2 has 1 observations and 0 variables.
NOTE: DATA statement used (Total process time):
      real time           0.00 seconds
      cpu time            0.01 seconds
      

MPRINT(GENERATE):   proc sort data=sashelp.class out=WORK.DATA1;
MPRINT(GENERATE):   by sex;
MPRINT(GENERATE):   run;

NOTE: There were 19 observations read from the data set SASHELP.CLASS.
NOTE: The data set WORK.DATA1 has 19 observations and 5 variables.
NOTE: PROCEDURE SORT used (Total process time):
      real time           0.00 seconds
      cpu time            0.00 seconds
      

MPRINT(GENERATE):   proc means noprint data=WORK.DATA1(keep=sex);
MPRINT(GENERATE):   by sex;
MPRINT(GENERATE):   output out=WORK.DATA2;
MPRINT(GENERATE):   run;

NOTE: There were 19 observations read from the data set WORK.DATA1.
NOTE: The data set WORK.DATA2 has 2 observations and 3 variables.
NOTE: PROCEDURE MEANS used (Total process time):
      real time           0.08 seconds
      cpu time            0.01 seconds
      

MPRINT(GENERATE):   data _null_;
MPRINT(GENERATE):   set WORK.DATA2 nobs=count;
MPRINT(GENERATE):   call symput ("count", compress(put(count,8.)));
MPRINT(GENERATE):   stop;
MPRINT(GENERATE):   run;

NOTE: There were 1 observations read from the data set WORK.DATA2.
NOTE: DATA statement used (Total process time):
      real time           0.00 seconds
      cpu time            0.00 seconds
12                                                                                                                       The SAS System                                                                                             09:39 Friday, March 25, 2022

      

MPRINT(GENERATE):   data _null_;
MPRINT(GENERATE):   set WORK.DATA2 end=eof;
MPRINT(GENERATE):   array t(1) $ 200 _temporary_;
MPRINT(GENERATE):   t(1) = 'Dataset for';
MPRINT(GENERATE):   t(1) = trim(t(1)) !! " sex=" !! trim(left(vvalue(sex)));
MPRINT(GENERATE):   t(1) = trim(t(1)) !! ' (' !! compress(put(_freq_,8.)) !! ' observations)';
MPRINT(GENERATE):   call symput ('label' !! compress(put(_n_,8.)), trim(t(1)));
MPRINT(GENERATE):   run;

NOTE: There were 2 observations read from the data set WORK.DATA2.
NOTE: DATA statement used (Total process time):
      real time           0.00 seconds
      cpu time            0.01 seconds
      

MPRINT(GENERATE):   data test1.class1 (label="Dataset for sex=F (9 observations)") TEST1.CLASS2 (label="Dataset for sex=M (10 observations)") ;
MPRINT(GENERATE):   set WORK.DATA1;
MPRINT(GENERATE):   by sex;
MPRINT(GENERATE):   array t(1) _temporary_;
MPRINT(GENERATE):   if first.sex then t(1)+1;
MPRINT(GENERATE):   select(t(1));
MPRINT(GENERATE):   when(1) output test1.class1;
MPRINT(GENERATE):   when(2) output test1.class2;
MPRINT(GENERATE):   end;
MPRINT(GENERATE):   run;

NOTE: There were 19 observations read from the data set WORK.DATA1.
NOTE: The data set TEST1.CLASS1 has 9 observations and 5 variables.
NOTE: The data set TEST1.CLASS2 has 10 observations and 5 variables.
NOTE: DATA statement used (Total process time):
      real time           0.00 seconds
      cpu time            0.00 seconds
      

MPRINT(GENERATE):   proc datasets lib=work nolist;
MPRINT(GENERATE):   delete DATA1 DATA2;
MPRINT(GENERATE):   quit;

NOTE: Deleting WORK.DATA1 (memtype=DATA).
NOTE: Deleting WORK.DATA2 (memtype=DATA).
NOTE: PROCEDURE DATASETS used (Total process time):
      real time           0.00 seconds
      cpu time            0.01 seconds
      

49         %endTestcall()
NOTE: The macro ENDTESTCALL completed compilation without errors.
      101 instructions 2836 bytes.
MAUTOLOCDISPLAY(ENDTESTCALL):  This macro was compiled from the autocall file C:\Users\sas\work\sasunitdemo\saspgm\sasunit\endtestcall.sas
MPRINT(ENDTESTCALL):   PROC PRINTTO LOG=LOG PRINT=PRINT ;
MPRINT(ENDTESTCALL):   RUN;

