1                                           Das SAS System                  08:01 Monday, July 1, 2019

NOTE: Copyright (c) 2016 by SAS Institute Inc., Cary, NC, USA. 
NOTE: SAS (r) Proprietary Software 9.4 (TS1M5) 
      Licensed to HMS GMBH STANDARD PACKAGE 64 BIT WINDOWS, Site 70128358.
NOTE: This session is executing on the X64_10PRO  platform.



NOTE: Updated analytical products:
      
      SAS/STAT 14.3
      SAS/ETS 14.3
      SAS/OR 14.3
      SAS/IML 14.3
      SAS/QC 14.3

NOTE: Additional host information:

 X64_10PRO WIN 10.0.17134  Workstation

NOTE: SAS initialization used:
      real time           1.61 seconds
      cpu time            0.99 seconds
      
1          LIBNAME awork "C:\Users\SASUnit\AppData\Local\Temp\SAS Temporary
1        ! Files\_TD2828_HD1PCMS0240_";
NOTE: Libref AWORK was successfully assigned as follows: 
      Engine:        V9 
      Physical Name: C:\Users\SASUnit\AppData\Local\Temp\SAS Temporary Files\_TD2828_HD1PCMS0240_
2          DATA awork.check; RUN;

NOTE: The data set AWORK.CHECK has 1 observations and 0 variables.
NOTE: DATA statement used (Total process time):
      real time           0.07 seconds
      cpu time            0.06 seconds
      

NOTE: SAS Institute Inc., SAS Campus Drive, Cary, NC USA 27513-2414
NOTE: The SAS System used:
      real time           1.72 seconds
      cpu time            1.14 seconds
      
