NOTE: PROZEDUR PRINTTO used (Total process time):
      real time           0.01 seconds
      cpu time            0.01 seconds
      

MPRINT(INITTESTCASE):   options linesize=max;
181        data work.blood_pressure;
182           set testdata.blood_pressure;
117                                                                                                                      Das SAS System                                                                                               08:02 Monday, July 1, 2019

183           sbpc = put (sbp, best32.);
184        run;

NOTE: There were 240 observations read from the data set TESTDATA.BLOOD_PRESSURE.
NOTE: The data set WORK.BLOOD_PRESSURE has 240 observations and 6 variables.
NOTE: DATA statement used (Total process time):
      real time           0.01 seconds
      cpu time            0.01 seconds
      

MAUTOLOCDISPLAY(BOXPLOT):  Dieses Makro wurde von der Autocall-Datei C:\jenkins\workspace\SASUnit Build Release ZIP-File under windows\example\saspgm\boxplot.sas kompiliert
185        %boxplot(data=blood_pressure, x=visit, y=sbpc, group=med, report=&g_work/report17.pdf)
MPRINT(BOXPLOT):   proc sql noprint;
MPRINT(BOXPLOT):   select distinct visit into :xvalues separated by '" "' from blood_pressure;
MPRINT(BOXPLOT):   select distinct visit into :xvalues2 separated by ' ' from blood_pressure;
MPRINT(BOXPLOT):   quit;
NOTE: PROZEDUR SQL used (Total process time):
      real time           0.00 seconds
      cpu time            0.00 seconds
      

ERROR: boxplot: Variable sbpc in data set blood_pressure must be numeric
MAUTOLOCDISPLAY(ASSERTLOGMSG):  Dieses Makro wurde von der Autocall-Datei C:\jenkins\workspace\SASUnit Build Release ZIP-File under windows\saspgm\sasunit\assertlogmsg.sas kompiliert
MAUTOLOCDISPLAY(ENDTESTCALL):  Dieses Makro wurde von der Autocall-Datei C:\jenkins\workspace\SASUnit Build Release ZIP-File under windows\saspgm\sasunit\endtestcall.sas kompiliert
186        %assertLogMsg(i_logMsg=ERROR: boxplot: Variable sbpc in data set blood_pressure must be numeric)
MPRINT(ASSERTLOGMSG.ENDTESTCALL):   PROC PRINTTO LOG=LOG PRINT=PRINT ;
MPRINT(ASSERTLOGMSG.ENDTESTCALL):   RUN;

