NOTE: PROZEDUR PRINTTO used (Total process time):
      real time           0.01 seconds
      cpu time            0.01 seconds
      

MPRINT(INITTESTCASE):   options linesize=max;
206        data work.blood_pressure;
207           set testdata.blood_pressure;
208           if med=1;
209        run;

NOTE: There were 240 observations read from the data set TESTDATA.BLOOD_PRESSURE.
NOTE: The data set WORK.BLOOD_PRESSURE has 120 observations and 5 variables.
NOTE: DATA statement used (Total process time):
      real time           0.00 seconds
      cpu time            0.00 seconds
      

MAUTOLOCDISPLAY(BOXPLOT):  Dieses Makro wurde von der Autocall-Datei C:\jenkins\workspace\SASUnit Build Release ZIP-File under windows\example\saspgm\boxplot.sas kompiliert
210        %boxplot(data=blood_pressure, x=visit, y=sbp, group=med, report=&g_work/report20.pdf)
MPRINT(BOXPLOT):   proc sql noprint;
MPRINT(BOXPLOT):   select distinct visit into :xvalues separated by '" "' from blood_pressure;
MPRINT(BOXPLOT):   select distinct visit into :xvalues2 separated by ' ' from blood_pressure;
MPRINT(BOXPLOT):   quit;
NOTE: PROZEDUR SQL used (Total process time):
      real time           0.00 seconds
      cpu time            0.00 seconds
      

MPRINT(BOXPLOT):   proc sql noprint;
MPRINT(BOXPLOT):   select count(distinct med) into :count from blood_pressure;
MPRINT(BOXPLOT):   select min(med) into :lower from blood_pressure;
MPRINT(BOXPLOT):   quit;
NOTE: PROZEDUR SQL used (Total process time):
      real time           0.00 seconds
      cpu time            0.00 seconds
      

129                                                                                                                      Das SAS System                                                                                               08:02 Monday, July 1, 2019

ERROR: boxplot: Variable med must have exactly two values
MAUTOLOCDISPLAY(ASSERTLOGMSG):  Dieses Makro wurde von der Autocall-Datei C:\jenkins\workspace\SASUnit Build Release ZIP-File under windows\saspgm\sasunit\assertlogmsg.sas kompiliert
MAUTOLOCDISPLAY(ENDTESTCALL):  Dieses Makro wurde von der Autocall-Datei C:\jenkins\workspace\SASUnit Build Release ZIP-File under windows\saspgm\sasunit\endtestcall.sas kompiliert
211        %assertLogMsg(i_logMsg=ERROR: boxplot: Variable med must have exactly two values)
MPRINT(ASSERTLOGMSG.ENDTESTCALL):   PROC PRINTTO LOG=LOG PRINT=PRINT ;
MPRINT(ASSERTLOGMSG.ENDTESTCALL):   RUN;

