NOTE: PROZEDUR PRINTTO used (Total process time):
      real time           0.01 seconds
      cpu time            0.01 seconds
      

MPRINT(INITTESTCASE):   options linesize=max;
217        data work.blood_pressure2;
218           set testdata.blood_pressure;
219           if med=1 then do;
220              output;
221              med=2;
222              output;
223           end;
224           else output;
225        run;

NOTE: There were 240 observations read from the data set TESTDATA.BLOOD_PRESSURE.
NOTE: The data set WORK.BLOOD_PRESSURE2 has 360 observations and 5 variables.
NOTE: DATA statement used (Total process time):
      real time           0.00 seconds
      cpu time            0.00 seconds
      

MAUTOLOCDISPLAY(BOXPLOT):  Dieses Makro wurde von der Autocall-Datei C:\jenkins\workspace\SASUnit Build Release ZIP-File under windows\example\saspgm\boxplot.sas kompiliert
226        %boxplot(data=blood_pressure2, x=visit, y=sbp, group=med, report=&g_work/report21.pdf)
MPRINT(BOXPLOT):   proc sql noprint;
MPRINT(BOXPLOT):   select distinct visit into :xvalues separated by '" "' from blood_pressure2;
MPRINT(BOXPLOT):   select distinct visit into :xvalues2 separated by ' ' from blood_pressure2;
MPRINT(BOXPLOT):   quit;
NOTE: PROZEDUR SQL used (Total process time):
      real time           0.00 seconds
133                                                                                                                      Das SAS System                                                                                               08:02 Monday, July 1, 2019

      cpu time            0.00 seconds
      

MPRINT(BOXPLOT):   proc sql noprint;
MPRINT(BOXPLOT):   select count(distinct med) into :count from blood_pressure2;
MPRINT(BOXPLOT):   select min(med) into :lower from blood_pressure2;
MPRINT(BOXPLOT):   quit;
NOTE: PROZEDUR SQL used (Total process time):
      real time           0.00 seconds
      cpu time            0.01 seconds
      

ERROR: boxplot: Variable med must have exactly two values
MAUTOLOCDISPLAY(ASSERTLOGMSG):  Dieses Makro wurde von der Autocall-Datei C:\jenkins\workspace\SASUnit Build Release ZIP-File under windows\saspgm\sasunit\assertlogmsg.sas kompiliert
MAUTOLOCDISPLAY(ENDTESTCALL):  Dieses Makro wurde von der Autocall-Datei C:\jenkins\workspace\SASUnit Build Release ZIP-File under windows\saspgm\sasunit\endtestcall.sas kompiliert
227        %assertLogMsg(i_logMsg=ERROR: boxplot: Variable med must have exactly two values)
MPRINT(ASSERTLOGMSG.ENDTESTCALL):   PROC PRINTTO LOG=LOG PRINT=PRINT ;
MPRINT(ASSERTLOGMSG.ENDTESTCALL):   RUN;

