NOTE: PROZEDUR PRINTTO used (Total process time):
      real time           0.01 seconds
      cpu time            0.01 seconds
      

MPRINT(INITTESTCASE):   options linesize=max;
118        %combineddataset
NOTE: The macro COMBINEDDATASET completed compilation without errors.
      9 instructions 556 bytes.
MAUTOLOCDISPLAY(COMBINEDDATASET):  Dieses Makro wurde von der Autocall-Datei C:\jenkins\workspace\SASUnit Build Release ZIP-File under windows\example\saspgm\combineddataset.sas kompiliert
MPRINT(COMBINEDDATASET):   proc sql noprint;
MPRINT(COMBINEDDATASET):   create table work.combineddataset as select CustomerName ,Customer.CustomerNumber ,Contracts.ContractNumber ,ContractType from work.Customer left join work.CustomerContracts on 
Customer.CustomerNumber=CustomerContracts.CustomerNumber left join work.Contracts on CustomerContracts.ContractNumber=Contracts.ContractNumber;
NOTE: Table WORK.COMBINEDDATASET created, with 8 rows and 4 columns.

MPRINT(COMBINEDDATASET):   quit;
NOTE: PROZEDUR SQL used (Total process time):
      real time           0.02 seconds
      cpu time            0.01 seconds
      

MAUTOLOCDISPLAY(ENDTESTCALL):  Dieses Makro wurde von der Autocall-Datei C:\jenkins\workspace\SASUnit Build Release ZIP-File under windows\saspgm\sasunit\endtestcall.sas kompiliert
119        %endTestCall()
MPRINT(ENDTESTCALL):   PROC PRINTTO LOG=LOG PRINT=PRINT ;
MPRINT(ENDTESTCALL):   RUN;

