NOTE: PROZEDUR PRINTTO used (Total process time):
      real time           0.01 seconds
47                                                                                                                       Das SAS System                                                                                               08:02 Monday, July 1, 2019

      cpu time            0.00 seconds
      

MPRINT(INITTESTCASE):   options linesize=max;
103        proc datasets lib=test1 nolist kill;
NOTE: Deleting TEST1.CLASS1 (memtype=DATA).
104        quit;

NOTE: PROZEDUR DATASETS used (Total process time):
      real time           0.00 seconds
      cpu time            0.01 seconds
      

105        proc datasets lib=test2 nolist kill;
NOTE: Deleting TEST2.CLASS1 (memtype=DATA).
106        quit;

NOTE: PROZEDUR DATASETS used (Total process time):
      real time           0.00 seconds
      cpu time            0.00 seconds
      

MAUTOLOCDISPLAY(GENERATE):  Dieses Makro wurde von der Autocall-Datei C:\jenkins\workspace\SASUnit Build Release ZIP-File under windows\example\saspgm\generate.sas kompiliert
107        %generate(data=sashelp.classXXX, by=sex, out=test1.class)
MPRINT(GENERATE):   data;
MPRINT(GENERATE):   run;

NOTE: The data set WORK.DATA7 has 1 observations and 0 variables.
NOTE: DATA statement used (Total process time):
      real time           0.00 seconds
      cpu time            0.00 seconds
      

MPRINT(GENERATE):   data;
MPRINT(GENERATE):   run;

NOTE: The data set WORK.DATA8 has 1 observations and 0 variables.
NOTE: DATA statement used (Total process time):
      real time           0.00 seconds
      cpu time            0.00 seconds
      

ERROR: Datei SASHELP.CLASSXXX.DATA existiert nicht.
MPRINT(GENERATE):   proc sort data=sashelp.classXXX out=WORK.DATA7;
MPRINT(GENERATE):   by sex;
MPRINT(GENERATE):   run;

NOTE: The SAS System stopped processing this step because of errors.
WARNING: The data set WORK.DATA7 may be incomplete.  When this step was stopped there were 0 observations and 0 variables.
WARNING: Datei WORK.DATA7 wurde nicht ersetzt, da da dieser Schritt angehalten wurde.
NOTE: PROZEDUR SORT used (Total process time):
      real time           0.00 seconds
      cpu time            0.01 seconds
      
48                                                                                                                       Das SAS System                                                                                               08:02 Monday, July 1, 2019

ERROR: Macro Generate: data= or by= specified incorrectly


MPRINT(GENERATE):   proc datasets lib=work nolist;
MPRINT(GENERATE):   delete DATA7 DATA8;
MPRINT(GENERATE):   quit;

NOTE: Deleting WORK.DATA7 (memtype=DATA).
NOTE: Deleting WORK.DATA8 (memtype=DATA).
NOTE: PROZEDUR DATASETS used (Total process time):
      real time           0.00 seconds
      cpu time            0.00 seconds
      

MAUTOLOCDISPLAY(ENDTESTCALL):  Dieses Makro wurde von der Autocall-Datei C:\jenkins\workspace\SASUnit Build Release ZIP-File under windows\saspgm\sasunit\endtestcall.sas kompiliert
108        %endTestcall()
MPRINT(ENDTESTCALL):   PROC PRINTTO LOG=LOG PRINT=PRINT ;
MPRINT(ENDTESTCALL):   RUN;

