                                                                                                                  A Standard Frequency Output                                                                                   10:42 Monday, March 28, 2022   5

                                                                                                                       The FREQ Procedure

                                                                                                                      Table of Sex by Age

                                                                                            Sex       Age

                                                                                            Frequency‚
                                                                                            Percent  ‚
                                                                                            Row Pct  ‚
                                                                                            Col Pct  ‚      11‚      12‚      13‚      14‚      15‚      16‚  Total
                                                                                            ƒƒƒƒƒƒƒƒƒˆƒƒƒƒƒƒƒƒˆƒƒƒƒƒƒƒƒˆƒƒƒƒƒƒƒƒˆƒƒƒƒƒƒƒƒˆƒƒƒƒƒƒƒƒˆƒƒƒƒƒƒƒƒˆ
                                                                                            F        ‚      1 ‚      2 ‚      2 ‚      2 ‚      2 ‚      0 ‚      9
                                                                                                     ‚   5.26 ‚  10.53 ‚  10.53 ‚  10.53 ‚  10.53 ‚   0.00 ‚  47.37
                                                                                                     ‚  11.11 ‚  22.22 ‚  22.22 ‚  22.22 ‚  22.22 ‚   0.00 ‚
                                                                                                     ‚  50.00 ‚  40.00 ‚  66.67 ‚  50.00 ‚  50.00 ‚   0.00 ‚
                                                                                            ƒƒƒƒƒƒƒƒƒˆƒƒƒƒƒƒƒƒˆƒƒƒƒƒƒƒƒˆƒƒƒƒƒƒƒƒˆƒƒƒƒƒƒƒƒˆƒƒƒƒƒƒƒƒˆƒƒƒƒƒƒƒƒˆ
                                                                                            M        ‚      1 ‚      3 ‚      1 ‚      2 ‚      2 ‚      1 ‚     10
                                                                                                     ‚   5.26 ‚  15.79 ‚   5.26 ‚  10.53 ‚  10.53 ‚   5.26 ‚  52.63
                                                                                                     ‚  10.00 ‚  30.00 ‚  10.00 ‚  20.00 ‚  20.00 ‚  10.00 ‚
                                                                                                     ‚  50.00 ‚  60.00 ‚  33.33 ‚  50.00 ‚  50.00 ‚ 100.00 ‚
                                                                                            ƒƒƒƒƒƒƒƒƒˆƒƒƒƒƒƒƒƒˆƒƒƒƒƒƒƒƒˆƒƒƒƒƒƒƒƒˆƒƒƒƒƒƒƒƒˆƒƒƒƒƒƒƒƒˆƒƒƒƒƒƒƒƒˆ
                                                                                            Total           2        5        3        4        4        1       19
                                                                                                        10.53    26.32    15.79    21.05    21.05     5.26   100.00
